# JRE version: OpenJDK Runtime Environment (8.0_242-b01) (build 1.8.0_242-release-1644-b01)
# Java VM: OpenJDK 64-Bit Server VM (25.242-b01 mixed mode windows-amd64 compressed oops)
Heap:
 PSYoungGen      total 310784K, used 94683K [0x00000000d5580000, 0x00000000edf00000, 0x0000000100000000)
  eden space 283136K, 23% used [0x00000000d5580000,0x00000000d96fb118,0x00000000e6a00000)
  from space 27648K, 99% used [0x00000000ec400000,0x00000000edefbbf0,0x00000000edf00000)
  to   space 34304K, 0% used [0x00000000e9c00000,0x00000000e9c00000,0x00000000ebd80000)
 ParOldGen       total 236544K, used 48165K [0x0000000080000000, 0x000000008e700000, 0x00000000d5580000)
  object space 236544K, 20% used [0x0000000080000000,0x0000000082f094e8,0x000000008e700000)
 Metaspace       used 87406K, capacity 93748K, committed 93952K, reserved 1130496K
  class space    used 11571K, capacity 12738K, committed 12800K, reserved 1048576K
GC Heap History (10 events):
Event: 7.330 GC heap before
{Heap before GC invocations=9 (full 2):
 PSYoungGen      total 214528K, used 202752K [0x00000000d5580000, 0x00000000e3780000, 0x0000000100000000)
  eden space 202752K, 100% used [0x00000000d5580000,0x00000000e1b80000,0x00000000e1b80000)
  from space 11776K, 0% used [0x00000000e2c00000,0x00000000e2c00000,0x00000000e3780000)
  to   space 14336K, 0% used [0x00000000e1b80000,0x00000000e1b80000,0x00000000e2980000)
 ParOldGen       total 155136K, used 14712K [0x0000000080000000, 0x0000000089780000, 0x00000000d5580000)
  object space 155136K, 9% used [0x0000000080000000,0x0000000080e5e020,0x0000000089780000)
 Metaspace       used 43808K, capacity 46256K, committed 46336K, reserved 1089536K
  class space    used 5874K, capacity 6367K, committed 6400K, reserved 1048576K
Event: 7.341 GC heap after
Heap after GC invocations=9 (full 2):
 PSYoungGen      total 217088K, used 14324K [0x00000000d5580000, 0x00000000e9a00000, 0x0000000100000000)
  eden space 202752K, 0% used [0x00000000d5580000,0x00000000d5580000,0x00000000e1b80000)
  from space 14336K, 99% used [0x00000000e1b80000,0x00000000e297d258,0x00000000e2980000)
  to   space 17408K, 0% used [0x00000000e8900000,0x00000000e8900000,0x00000000e9a00000)
 ParOldGen       total 155136K, used 16867K [0x0000000080000000, 0x0000000089780000, 0x00000000d5580000)
  object space 155136K, 10% used [0x0000000080000000,0x0000000081078c88,0x0000000089780000)
 Metaspace       used 43808K, capacity 46256K, committed 46336K, reserved 1089536K
  class space    used 5874K, capacity 6367K, committed 6400K, reserved 1048576K
}
Event: 8.773 GC heap before
{Heap before GC invocations=10 (full 2):
 PSYoungGen      total 217088K, used 161577K [0x00000000d5580000, 0x00000000e9a00000, 0x0000000100000000)
  eden space 202752K, 72% used [0x00000000d5580000,0x00000000de54d4a8,0x00000000e1b80000)
  from space 14336K, 99% used [0x00000000e1b80000,0x00000000e297d258,0x00000000e2980000)
  to   space 17408K, 0% used [0x00000000e8900000,0x00000000e8900000,0x00000000e9a00000)
 ParOldGen       total 155136K, used 16867K [0x0000000080000000, 0x0000000089780000, 0x00000000d5580000)
  object space 155136K, 10% used [0x0000000080000000,0x0000000081078c88,0x0000000089780000)
 Metaspace       used 56116K, capacity 59132K, committed 59160K, reserved 1099776K
  class space    used 7447K, capacity 8061K, committed 8064K, reserved 1048576K
Event: 8.792 GC heap after
Heap after GC invocations=10 (full 2):
 PSYoungGen      total 309248K, used 17385K [0x00000000d5580000, 0x00000000ea800000, 0x0000000100000000)
  eden space 291840K, 0% used [0x00000000d5580000,0x00000000d5580000,0x00000000e7280000)
  from space 17408K, 99% used [0x00000000e8900000,0x00000000e99fa4b8,0x00000000e9a00000)
  to   space 23040K, 0% used [0x00000000e7280000,0x00000000e7280000,0x00000000e8900000)
 ParOldGen       total 155136K, used 24818K [0x0000000080000000, 0x0000000089780000, 0x00000000d5580000)
  object space 155136K, 15% used [0x0000000080000000,0x000000008183c8b0,0x0000000089780000)
 Metaspace       used 56116K, capacity 59132K, committed 59160K, reserved 1099776K
  class space    used 7447K, capacity 8061K, committed 8064K, reserved 1048576K
}
Event: 8.792 GC heap before
{Heap before GC invocations=11 (full 3):
 PSYoungGen      total 309248K, used 17385K [0x00000000d5580000, 0x00000000ea800000, 0x0000000100000000)
  eden space 291840K, 0% used [0x00000000d5580000,0x00000000d5580000,0x00000000e7280000)
  from space 17408K, 99% used [0x00000000e8900000,0x00000000e99fa4b8,0x00000000e9a00000)
  to   space 23040K, 0% used [0x00000000e7280000,0x00000000e7280000,0x00000000e8900000)
 ParOldGen       total 155136K, used 24818K [0x0000000080000000, 0x0000000089780000, 0x00000000d5580000)
  object space 155136K, 15% used [0x0000000080000000,0x000000008183c8b0,0x0000000089780000)
 Metaspace       used 56116K, capacity 59132K, committed 59160K, reserved 1099776K
  class space    used 7447K, capacity 8061K, committed 8064K, reserved 1048576K
Event: 8.960 GC heap after
Heap after GC invocations=11 (full 3):
 PSYoungGen      total 309248K, used 0K [0x00000000d5580000, 0x00000000ea800000, 0x0000000100000000)
  eden space 291840K, 0% used [0x00000000d5580000,0x00000000d5580000,0x00000000e7280000)
  from space 17408K, 0% used [0x00000000e8900000,0x00000000e8900000,0x00000000e9a00000)
  to   space 23040K, 0% used [0x00000000e7280000,0x00000000e7280000,0x00000000e8900000)
 ParOldGen       total 236544K, used 37151K [0x0000000080000000, 0x000000008e700000, 0x00000000d5580000)
  object space 236544K, 15% used [0x0000000080000000,0x0000000082447e40,0x000000008e700000)
 Metaspace       used 55959K, capacity 58650K, committed 59160K, reserved 1099776K
  class space    used 7402K, capacity 7986K, committed 8064K, reserved 1048576K
}
Event: 12.103 GC heap before
{Heap before GC invocations=12 (full 3):
 PSYoungGen      total 309248K, used 291840K [0x00000000d5580000, 0x00000000ea800000, 0x0000000100000000)
  eden space 291840K, 100% used [0x00000000d5580000,0x00000000e7280000,0x00000000e7280000)
  from space 17408K, 0% used [0x00000000e8900000,0x00000000e8900000,0x00000000e9a00000)
  to   space 23040K, 0% used [0x00000000e7280000,0x00000000e7280000,0x00000000e8900000)
 ParOldGen       total 236544K, used 37151K [0x0000000080000000, 0x000000008e700000, 0x00000000d5580000)
  object space 236544K, 15% used [0x0000000080000000,0x0000000082447e40,0x000000008e700000)
 Metaspace       used 74329K, capacity 78112K, committed 78208K, reserved 1116160K
  class space    used 10102K, capacity 10841K, committed 10880K, reserved 1048576K
Event: 12.125 GC heap after
Heap after GC invocations=12 (full 3):
 PSYoungGen      total 314880K, used 23032K [0x00000000d5580000, 0x00000000edf00000, 0x0000000100000000)
  eden space 291840K, 0% used [0x00000000d5580000,0x00000000d5580000,0x00000000e7280000)
  from space 23040K, 99% used [0x00000000e7280000,0x00000000e88fe290,0x00000000e8900000)
  to   space 27648K, 0% used [0x00000000ec400000,0x00000000ec400000,0x00000000edf00000)
 ParOldGen       total 236544K, used 40540K [0x0000000080000000, 0x000000008e700000, 0x00000000d5580000)
  object space 236544K, 17% used [0x0000000080000000,0x0000000082797010,0x000000008e700000)
 Metaspace       used 74329K, capacity 78112K, committed 78208K, reserved 1116160K
  class space    used 10102K, capacity 10841K, committed 10880K, reserved 1048576K
}
Event: 2020.997 GC heap before
{Heap before GC invocations=13 (full 3):
 PSYoungGen      total 314880K, used 314872K [0x00000000d5580000, 0x00000000edf00000, 0x0000000100000000)
  eden space 291840K, 100% used [0x00000000d5580000,0x00000000e7280000,0x00000000e7280000)
  from space 23040K, 99% used [0x00000000e7280000,0x00000000e88fe290,0x00000000e8900000)
  to   space 27648K, 0% used [0x00000000ec400000,0x00000000ec400000,0x00000000edf00000)
 ParOldGen       total 236544K, used 40540K [0x0000000080000000, 0x000000008e700000, 0x00000000d5580000)
  object space 236544K, 17% used [0x0000000080000000,0x0000000082797010,0x000000008e700000)
 Metaspace       used 87177K, capacity 93408K, committed 93696K, reserved 1130496K
  class space    used 11554K, capacity 12724K, committed 12800K, reserved 1048576K
Event: 2021.020 GC heap after
Heap after GC invocations=13 (full 3):
 PSYoungGen      total 310784K, used 27630K [0x00000000d5580000, 0x00000000edf00000, 0x0000000100000000)
  eden space 283136K, 0% used [0x00000000d5580000,0x00000000d5580000,0x00000000e6a00000)
  from space 27648K, 99% used [0x00000000ec400000,0x00000000edefbbf0,0x00000000edf00000)
  to   space 34304K, 0% used [0x00000000e9c00000,0x00000000e9c00000,0x00000000ebd80000)
 ParOldGen       total 236544K, used 48165K [0x0000000080000000, 0x000000008e700000, 0x00000000d5580000)
  object space 236544K, 20% used [0x0000000080000000,0x0000000082f094e8,0x000000008e700000)
 Metaspace       used 87177K, capacity 93408K, committed 93696K, reserved 1130496K
  class space    used 11554K, capacity 12724K, committed 12800K, reserved 1048576K
}

