# JRE version: OpenJDK Runtime Environment (8.0_242-b01) (build 1.8.0_242-release-1644-b01)
# Java VM: OpenJDK 64-Bit Server VM (25.242-b01 mixed mode windows-amd64 compressed oops)
Heap:
 PSYoungGen      total 436736K, used 304257K [0x00000000d5580000, 0x00000000f2580000, 0x0000000100000000)
  eden space 401408K, 70% used [0x00000000d5580000,0x00000000e67edb20,0x00000000edd80000)
  from space 35328K, 65% used [0x00000000edd80000,0x00000000ef432b70,0x00000000f0000000)
  to   space 35328K, 0% used [0x00000000f0300000,0x00000000f0300000,0x00000000f2580000)
 ParOldGen       total 346112K, used 75548K [0x0000000080000000, 0x0000000095200000, 0x00000000d5580000)
  object space 346112K, 21% used [0x0000000080000000,0x00000000849c7060,0x0000000095200000)
 Metaspace       used 100126K, capacity 108770K, committed 108952K, reserved 1144832K
  class space    used 12845K, capacity 14201K, committed 14256K, reserved 1048576K
GC Heap History (10 events):
Event: 4550.230 GC heap before
{Heap before GC invocations=31 (full 4):
 PSYoungGen      total 431104K, used 404504K [0x00000000d5580000, 0x00000000f1f80000, 0x0000000100000000)
  eden space 396288K, 100% used [0x00000000d5580000,0x00000000ed880000,0x00000000ed880000)
  from space 34816K, 23% used [0x00000000efd80000,0x00000000f0586150,0x00000000f1f80000)
  to   space 36352K, 0% used [0x00000000ed880000,0x00000000ed880000,0x00000000efc00000)
 ParOldGen       total 346112K, used 73951K [0x0000000080000000, 0x0000000095200000, 0x00000000d5580000)
  object space 346112K, 21% used [0x0000000080000000,0x0000000084837ff0,0x0000000095200000)
 Metaspace       used 99187K, capacity 107740K, committed 107928K, reserved 1142784K
  class space    used 12822K, capacity 14186K, committed 14256K, reserved 1048576K
Event: 4550.242 GC heap after
Heap after GC invocations=31 (full 4):
 PSYoungGen      total 432640K, used 17055K [0x00000000d5580000, 0x00000000f2000000, 0x0000000100000000)
  eden space 396288K, 0% used [0x00000000d5580000,0x00000000d5580000,0x00000000ed880000)
  from space 36352K, 46% used [0x00000000ed880000,0x00000000ee927cb8,0x00000000efc00000)
  to   space 34816K, 0% used [0x00000000efe00000,0x00000000efe00000,0x00000000f2000000)
 ParOldGen       total 346112K, used 73959K [0x0000000080000000, 0x0000000095200000, 0x00000000d5580000)
  object space 346112K, 21% used [0x0000000080000000,0x0000000084839ff0,0x0000000095200000)
 Metaspace       used 99187K, capacity 107740K, committed 107928K, reserved 1142784K
  class space    used 12822K, capacity 14186K, committed 14256K, reserved 1048576K
}
Event: 4581.286 GC heap before
{Heap before GC invocations=32 (full 4):
 PSYoungGen      total 432640K, used 413343K [0x00000000d5580000, 0x00000000f2000000, 0x0000000100000000)
  eden space 396288K, 100% used [0x00000000d5580000,0x00000000ed880000,0x00000000ed880000)
  from space 36352K, 46% used [0x00000000ed880000,0x00000000ee927cb8,0x00000000efc00000)
  to   space 34816K, 0% used [0x00000000efe00000,0x00000000efe00000,0x00000000f2000000)
 ParOldGen       total 346112K, used 73959K [0x0000000080000000, 0x0000000095200000, 0x00000000d5580000)
  object space 346112K, 21% used [0x0000000080000000,0x0000000084839ff0,0x0000000095200000)
 Metaspace       used 99369K, capacity 108020K, committed 108184K, reserved 1142784K
  class space    used 12823K, capacity 14186K, committed 14256K, reserved 1048576K
Event: 4581.309 GC heap after
Heap after GC invocations=32 (full 4):
 PSYoungGen      total 434176K, used 22785K [0x00000000d5580000, 0x00000000f2180000, 0x0000000100000000)
  eden space 399360K, 0% used [0x00000000d5580000,0x00000000d5580000,0x00000000edb80000)
  from space 34816K, 65% used [0x00000000efe00000,0x00000000f1440600,0x00000000f2000000)
  to   space 35328K, 0% used [0x00000000edb80000,0x00000000edb80000,0x00000000efe00000)
 ParOldGen       total 346112K, used 73967K [0x0000000080000000, 0x0000000095200000, 0x00000000d5580000)
  object space 346112K, 21% used [0x0000000080000000,0x000000008483bff0,0x0000000095200000)
 Metaspace       used 99369K, capacity 108020K, committed 108184K, reserved 1142784K
  class space    used 12823K, capacity 14186K, committed 14256K, reserved 1048576K
}
Event: 4758.154 GC heap before
{Heap before GC invocations=33 (full 4):
 PSYoungGen      total 434176K, used 422145K [0x00000000d5580000, 0x00000000f2180000, 0x0000000100000000)
  eden space 399360K, 100% used [0x00000000d5580000,0x00000000edb80000,0x00000000edb80000)
  from space 34816K, 65% used [0x00000000efe00000,0x00000000f1440600,0x00000000f2000000)
  to   space 35328K, 0% used [0x00000000edb80000,0x00000000edb80000,0x00000000efe00000)
 ParOldGen       total 346112K, used 73967K [0x0000000080000000, 0x0000000095200000, 0x00000000d5580000)
  object space 346112K, 21% used [0x0000000080000000,0x000000008483bff0,0x0000000095200000)
 Metaspace       used 99554K, capacity 108088K, committed 108184K, reserved 1142784K
  class space    used 12824K, capacity 14186K, committed 14256K, reserved 1048576K
Event: 4758.172 GC heap after
Heap after GC invocations=33 (full 4):
 PSYoungGen      total 434688K, used 17918K [0x00000000d5580000, 0x00000000f2100000, 0x0000000100000000)
  eden space 399360K, 0% used [0x00000000d5580000,0x00000000d5580000,0x00000000edb80000)
  from space 35328K, 50% used [0x00000000edb80000,0x00000000eecffa38,0x00000000efe00000)
  to   space 33792K, 0% used [0x00000000f0000000,0x00000000f0000000,0x00000000f2100000)
 ParOldGen       total 346112K, used 73975K [0x0000000080000000, 0x0000000095200000, 0x00000000d5580000)
  object space 346112K, 21% used [0x0000000080000000,0x000000008483dff0,0x0000000095200000)
 Metaspace       used 99554K, capacity 108088K, committed 108184K, reserved 1142784K
  class space    used 12824K, capacity 14186K, committed 14256K, reserved 1048576K
}
Event: 4818.131 GC heap before
{Heap before GC invocations=34 (full 4):
 PSYoungGen      total 434688K, used 417278K [0x00000000d5580000, 0x00000000f2100000, 0x0000000100000000)
  eden space 399360K, 100% used [0x00000000d5580000,0x00000000edb80000,0x00000000edb80000)
  from space 35328K, 50% used [0x00000000edb80000,0x00000000eecffa38,0x00000000efe00000)
  to   space 33792K, 0% used [0x00000000f0000000,0x00000000f0000000,0x00000000f2100000)
 ParOldGen       total 346112K, used 73975K [0x0000000080000000, 0x0000000095200000, 0x00000000d5580000)
  object space 346112K, 21% used [0x0000000080000000,0x000000008483dff0,0x0000000095200000)
 Metaspace       used 99667K, capacity 108280K, committed 108440K, reserved 1142784K
  class space    used 12825K, capacity 14186K, committed 14256K, reserved 1048576K
Event: 4818.152 GC heap after
Heap after GC invocations=34 (full 4):
 PSYoungGen      total 435200K, used 25545K [0x00000000d5580000, 0x00000000f2380000, 0x0000000100000000)
  eden space 401408K, 0% used [0x00000000d5580000,0x00000000d5580000,0x00000000edd80000)
  from space 33792K, 75% used [0x00000000f0000000,0x00000000f18f2780,0x00000000f2100000)
  to   space 35328K, 0% used [0x00000000edd80000,0x00000000edd80000,0x00000000f0000000)
 ParOldGen       total 346112K, used 75356K [0x0000000080000000, 0x0000000095200000, 0x00000000d5580000)
  object space 346112K, 21% used [0x0000000080000000,0x0000000084997040,0x0000000095200000)
 Metaspace       used 99667K, capacity 108280K, committed 108440K, reserved 1142784K
  class space    used 12825K, capacity 14186K, committed 14256K, reserved 1048576K
}
Event: 4938.766 GC heap before
{Heap before GC invocations=35 (full 4):
 PSYoungGen      total 435200K, used 426373K [0x00000000d5580000, 0x00000000f2380000, 0x0000000100000000)
  eden space 401408K, 99% used [0x00000000d5580000,0x00000000edcef058,0x00000000edd80000)
  from space 33792K, 75% used [0x00000000f0000000,0x00000000f18f2780,0x00000000f2100000)
  to   space 35328K, 0% used [0x00000000edd80000,0x00000000edd80000,0x00000000f0000000)
 ParOldGen       total 346112K, used 75356K [0x0000000080000000, 0x0000000095200000, 0x00000000d5580000)
  object space 346112K, 21% used [0x0000000080000000,0x0000000084997040,0x0000000095200000)
 Metaspace       used 99954K, capacity 108608K, committed 108696K, reserved 1144832K
  class space    used 12830K, capacity 14196K, committed 14256K, reserved 1048576K
Event: 4938.789 GC heap after
Heap after GC invocations=35 (full 4):
 PSYoungGen      total 436736K, used 23242K [0x00000000d5580000, 0x00000000f2580000, 0x0000000100000000)
  eden space 401408K, 0% used [0x00000000d5580000,0x00000000d5580000,0x00000000edd80000)
  from space 35328K, 65% used [0x00000000edd80000,0x00000000ef432b70,0x00000000f0000000)
  to   space 35328K, 0% used [0x00000000f0300000,0x00000000f0300000,0x00000000f2580000)
 ParOldGen       total 346112K, used 75548K [0x0000000080000000, 0x0000000095200000, 0x00000000d5580000)
  object space 346112K, 21% used [0x0000000080000000,0x00000000849c7060,0x0000000095200000)
 Metaspace       used 99954K, capacity 108608K, committed 108696K, reserved 1144832K
  class space    used 12830K, capacity 14196K, committed 14256K, reserved 1048576K
}

